c:\users\cimation\desktop\project\csharpandcpplink\cppside\x64\debug\cppside.pch
c:\users\cimation\desktop\project\csharpandcpplink\cppside\x64\debug\vc143.pdb
c:\users\cimation\desktop\project\csharpandcpplink\cppside\x64\debug\pch.obj
c:\users\cimation\desktop\project\csharpandcpplink\cppside\x64\debug\sample.obj
c:\users\cimation\desktop\project\csharpandcpplink\cppside\x64\debug\dllmain.obj
c:\users\cimation\desktop\project\csharpandcpplink\cppside\x64\debug\.netframework,version=v4.7.2.assemblyattributes.obj
c:\users\cimation\desktop\project\csharpandcpplink\x64\debug\cppside.lib
c:\users\cimation\desktop\project\csharpandcpplink\x64\debug\cppside.exp
c:\users\cimation\desktop\project\csharpandcpplink\x64\debug\cppside.dll
c:\users\cimation\desktop\project\csharpandcpplink\x64\debug\cppside.pdb
c:\users\cimation\desktop\project\csharpandcpplink\cppside\x64\debug\cppside.tlog\cl.command.1.tlog
c:\users\cimation\desktop\project\csharpandcpplink\cppside\x64\debug\cppside.tlog\cl.items.tlog
c:\users\cimation\desktop\project\csharpandcpplink\cppside\x64\debug\cppside.tlog\cl.read.1.tlog
c:\users\cimation\desktop\project\csharpandcpplink\cppside\x64\debug\cppside.tlog\cl.write.1.tlog
c:\users\cimation\desktop\project\csharpandcpplink\cppside\x64\debug\cppside.tlog\link.command.1.tlog
c:\users\cimation\desktop\project\csharpandcpplink\cppside\x64\debug\cppside.tlog\link.read.1.tlog
c:\users\cimation\desktop\project\csharpandcpplink\cppside\x64\debug\cppside.tlog\link.write.1.tlog
c:\users\cimation\desktop\project\csharpandcpplink\cppside\x64\debug\cppside.tlog\link.write.2u.tlog
c:\users\cimation\desktop\project\csharpandcpplink\cppside\x64\debug\cppside.tlog\metagen.read.1.tlog
c:\users\cimation\desktop\project\csharpandcpplink\cppside\x64\debug\cppside.tlog\metagen.write.1.tlog
